Arguments: 
  /Users/alexeyloi/.nvm/versions/node/v13.8.0/bin/node /usr/local/bin/yarn add parsel-bundler -D

PATH: 
  /Users/alexeyloi/.rvm/gems/ruby-2.3.1/bin:/Users/alexeyloi/.rvm/gems/ruby-2.3.1@global/bin:/Users/alexeyloi/.rvm/rubies/ruby-2.3.1/bin:/Users/alexeyloi/.nvm/versions/node/v13.8.0/bin:/usr/local/bin:/usr/bin:/bin:/usr/sbin:/sbin:/usr/local/share/dotnet:~/.dotnet/tools:/Library/Frameworks/Mono.framework/Versions/Current/Commands:/Applications/Xamarin Workbooks.app/Contents/SharedSupport/path-bin:/Users/alexeyloi/.rvm/gems/ruby-2.3.1/bin:/Users/alexeyloi/.rvm/gems/ruby-2.3.1@global/bin:/Users/alexeyloi/.rvm/rubies/ruby-2.3.1/bin:/Users/alexeyloi/.rvm/bin

Yarn version: 
  1.19.1

Node version: 
  13.8.0

Platform: 
  darwin x64

Trace: 
  Error: https://registry.yarnpkg.com/parsel-bundler: Not found
      at Request.params.callback [as _callback] (/usr/local/lib/node_modules/yarn/lib/cli.js:66926:18)
      at Request.self.callback (/usr/local/lib/node_modules/yarn/lib/cli.js:140564:22)
      at Request.emit (events.js:321:20)
      at Request.<anonymous> (/usr/local/lib/node_modules/yarn/lib/cli.js:141536:10)
      at Request.emit (events.js:321:20)
      at IncomingMessage.<anonymous> (/usr/local/lib/node_modules/yarn/lib/cli.js:141458:12)
      at Object.onceWrapper (events.js:427:28)
      at IncomingMessage.emit (events.js:333:22)
      at endReadableNT (_stream_readable.js:1201:12)
      at processTicksAndRejections (internal/process/task_queues.js:84:21)

npm manifest: 
  {
    "name": "own-react",
    "version": "1.0.0",
    "description": "",
    "main": "index.js",
    "scripts": {
      "test": "echo \"Error: no test specified\" && exit 1"
    },
    "keywords": [],
    "author": "",
    "license": "ISC"
  }

yarn manifest: 
  No manifest

Lockfile: 
  No lockfile
